<?xml version="1.0" encoding="UTF-8" ?>
<testsuite tests="55" failures="0" name="com.silamoney.client.tests.TestSuite" time="127.326" errors="0" skipped="0">
  <properties>
    <property name="java.runtime.name" value="Java(TM) SE Runtime Environment"/>
    <property name="java.vm.version" value="12.0.2+10"/>
    <property name="sun.boot.library.path" value="/usr/lib/jvm/jdk-12.0.2/lib"/>
    <property name="maven.multiModuleProjectDirectory" value="/home/csosa/Trabajo/Geko/Projects/gekoDev/sila-sdk/sila-sdk-java/SilaSDK"/>
    <property name="java.vm.vendor" value="Oracle Corporation"/>
    <property name="java.vendor.url" value="https://java.oracle.com/"/>
    <property name="guice.disable.misplaced.annotation.check" value="true"/>
    <property name="path.separator" value=":"/>
    <property name="java.vm.name" value="Java HotSpot(TM) 64-Bit Server VM"/>
    <property name="user.country" value="GT"/>
    <property name="sun.java.launcher" value="SUN_STANDARD"/>
    <property name="java.vm.specification.name" value="Java Virtual Machine Specification"/>
    <property name="user.dir" value="/home/csosa/Trabajo/Geko/Projects/gekoDev/sila-sdk/sila-sdk-java/SilaSDK"/>
    <property name="java.vm.compressedOopsMode" value="Zero based"/>
    <property name="java.runtime.version" value="12.0.2+10"/>
    <property name="java.awt.graphicsenv" value="sun.awt.X11GraphicsEnvironment"/>
    <property name="os.arch" value="amd64"/>
    <property name="java.io.tmpdir" value="/tmp"/>
    <property name="line.separator" value="
"/>
    <property name="java.vm.specification.vendor" value="Oracle Corporation"/>
    <property name="os.name" value="Linux"/>
    <property name="-DgeneratePom" value="true"/>
    <property name="idea.version2020.1" value="true"/>
    <property name="maven.ext.class.path" value="/snap/intellij-idea-ultimate/216/plugins/maven/lib/maven-event-listener.jar"/>
    <property name="classworlds.conf" value="/snap/intellij-idea-ultimate/216/plugins/maven/lib/maven3/bin/m2.conf"/>
    <property name="sun.jnu.encoding" value="UTF-8"/>
    <property name="java.library.path" value="/usr/java/packages/lib:/usr/lib64:/lib64:/lib:/usr/lib"/>
    <property name="maven.conf" value="/snap/intellij-idea-ultimate/216/plugins/maven/lib/maven3/conf"/>
    <property name="jdk.debug" value="release"/>
    <property name="java.class.version" value="56.0"/>
    <property name="java.specification.name" value="Java Platform API Specification"/>
    <property name="sun.management.compiler" value="HotSpot 64-Bit Tiered Compilers"/>
    <property name="os.version" value="4.19.0-6-amd64"/>
    <property name="user.home" value="/home/csosa"/>
    <property name="user.timezone" value="America/Guatemala"/>
    <property name="file.encoding" value="UTF-8"/>
    <property name="java.specification.version" value="12"/>
    <property name="user.name" value="csosa"/>
    <property name="java.class.path" value="/snap/intellij-idea-ultimate/216/plugins/maven/lib/maven3/boot/plexus-classworlds-2.6.0.jar"/>
    <property name="java.vm.specification.version" value="12"/>
    <property name="sun.arch.data.model" value="64"/>
    <property name="sun.java.command" value="org.codehaus.classworlds.Launcher -Didea.version2020.1 -D-DgeneratePom=true install"/>
    <property name="java.home" value="/usr/lib/jvm/jdk-12.0.2"/>
    <property name="user.language" value="es"/>
    <property name="java.specification.vendor" value="Oracle Corporation"/>
    <property name="awt.toolkit" value="sun.awt.X11.XToolkit"/>
    <property name="java.vm.info" value="mixed mode, sharing"/>
    <property name="java.version" value="12.0.2"/>
    <property name="securerandom.source" value="file:/dev/./urandom"/>
    <property name="java.vendor" value="Oracle Corporation"/>
    <property name="maven.home" value="/snap/intellij-idea-ultimate/216/plugins/maven/lib/maven3"/>
    <property name="file.separator" value="/"/>
    <property name="java.version.date" value="2019-07-16"/>
    <property name="java.vendor.url.bug" value="https://bugreport.java.com/bugreport/"/>
    <property name="sun.io.unicode.encoding" value="UnicodeLittle"/>
    <property name="sun.cpu.endian" value="little"/>
    <property name="sun.desktop" value="gnome"/>
  </properties>
  <testcase classname="com.silamoney.client.tests.CheckHandleTests" name="Response400" time="1.694"/>
  <testcase classname="com.silamoney.client.tests.CheckHandleTests" name="Response401" time="0.833"/>
  <testcase classname="com.silamoney.client.tests.CheckHandleTests" name="Response200Success" time="0.763"/>
  <testcase classname="com.silamoney.client.tests.CheckHandleTests" name="Response200Failure" time="0.779"/>
  <testcase classname="com.silamoney.client.tests.RegisterTests" name="Response200" time="2.225"/>
  <testcase classname="com.silamoney.client.tests.RegisterTests" name="Response400" time="0.752"/>
  <testcase classname="com.silamoney.client.tests.RegisterTests" name="Response401" time="0.648"/>
  <testcase classname="com.silamoney.client.tests.RegisterTests" name="Response3USER1FAIL" time="2.597"/>
  <testcase classname="com.silamoney.client.tests.RequestKYCTests" name="response200Failure" time="0.923"/>
  <testcase classname="com.silamoney.client.tests.RequestKYCTests" name="response200" time="1.017"/>
  <testcase classname="com.silamoney.client.tests.RequestKYCTests" name="response400" time="0.92"/>
  <testcase classname="com.silamoney.client.tests.RequestKYCTests" name="response401" time="0.959"/>
  <testcase classname="com.silamoney.client.tests.RequestKYCTests" name="response403" time="0.894"/>
  <testcase classname="com.silamoney.client.tests.CheckKYCTests" name="Response401User" time="0.861"/>
  <testcase classname="com.silamoney.client.tests.CheckKYCTests" name="Response200" time="75.681"/>
  <testcase classname="com.silamoney.client.tests.CheckKYCTests" name="Response400" time="0.758"/>
  <testcase classname="com.silamoney.client.tests.CheckKYCTests" name="Response200Failure" time="0.685"/>
  <testcase classname="com.silamoney.client.tests.LinkAccountTests" name="Response200SuccessNoPublicToken" time="0.953"/>
  <testcase classname="com.silamoney.client.tests.LinkAccountTests" name="Response400" time="1.846"/>
  <testcase classname="com.silamoney.client.tests.LinkAccountTests" name="Response401" time="0.708"/>
  <testcase classname="com.silamoney.client.tests.LinkAccountTests" name="Response200Success" time="1.591"/>
  <testcase classname="com.silamoney.client.tests.LinkAccountTests" name="ResponseInvalidPublicToken" time="1.171"/>
  <testcase classname="com.silamoney.client.tests.GetAccountsTests" name="Response400" time="0.734"/>
  <testcase classname="com.silamoney.client.tests.GetAccountsTests" name="Response401" time="0.804"/>
  <testcase classname="com.silamoney.client.tests.GetAccountsTests" name="Response200Success" time="0.89"/>
  <testcase classname="com.silamoney.client.tests.IssueSilaTests" name="Response401User" time="0.849"/>
  <testcase classname="com.silamoney.client.tests.IssueSilaTests" name="ResponseNotPassed" time="0.624"/>
  <testcase classname="com.silamoney.client.tests.IssueSilaTests" name="Response400" time="0.738"/>
  <testcase classname="com.silamoney.client.tests.IssueSilaTests" name="Response401" time="0.609"/>
  <testcase classname="com.silamoney.client.tests.IssueSilaTests" name="Response200Success" time="1.494"/>
  <testcase classname="com.silamoney.client.tests.TransferSilaTests" name="Response400" time="0.789"/>
  <testcase classname="com.silamoney.client.tests.TransferSilaTests" name="Response401" time="0.694"/>
  <testcase classname="com.silamoney.client.tests.TransferSilaTests" name="Response200Success" time="1.172"/>
  <testcase classname="com.silamoney.client.tests.RedeemSilaTests" name="Response400" time="0.627"/>
  <testcase classname="com.silamoney.client.tests.RedeemSilaTests" name="Response401" time="0.633"/>
  <testcase classname="com.silamoney.client.tests.RedeemSilaTests" name="Response200Success" time="1.473"/>
  <testcase classname="com.silamoney.client.tests.GetTransactionsTests" name="Response200" time="0.787"/>
  <testcase classname="com.silamoney.client.tests.GetTransactionsTests" name="Response400" time="0.753"/>
  <testcase classname="com.silamoney.client.tests.GetTransactionsTests" name="Response403" time="0.819"/>
  <testcase classname="com.silamoney.client.tests.PlaidSameDayAuthTests" name="Response400" time="0.727"/>
  <testcase classname="com.silamoney.client.tests.PlaidSameDayAuthTests" name="Response401" time="0.693"/>
  <testcase classname="com.silamoney.client.tests.RegisterWalletTests" name="Response200" time="1.169"/>
  <testcase classname="com.silamoney.client.tests.RegisterWalletTests" name="ResponseBadWallet" time="0.56"/>
  <testcase classname="com.silamoney.client.tests.GetWalletTests" name="Response200" time="1.334"/>
  <testcase classname="com.silamoney.client.tests.GetWalletTests" name="Response400" time="0.623"/>
  <testcase classname="com.silamoney.client.tests.GetWalletTests" name="Response403" time="0.805"/>
  <testcase classname="com.silamoney.client.tests.GetWalletsTests" name="Response200" time="0.894"/>
  <testcase classname="com.silamoney.client.tests.GetWalletsTests" name="Response400" time="1.039"/>
  <testcase classname="com.silamoney.client.tests.GetWalletsTests" name="Response401" time="0.8"/>
  <testcase classname="com.silamoney.client.tests.UpdateWalletTests" name="Response200" time="0.944"/>
  <testcase classname="com.silamoney.client.tests.UpdateWalletTests" name="Response400" time="0.59"/>
  <testcase classname="com.silamoney.client.tests.UpdateWalletTests" name="Response403" time="0.856"/>
  <testcase classname="com.silamoney.client.tests.DeleteWalletTests" name="Response200" time="1.28"/>
  <testcase classname="com.silamoney.client.tests.DeleteWalletTests" name="Response400" time="0.631"/>
  <testcase classname="com.silamoney.client.tests.DeleteWalletTests" name="Response403" time="0.634"/>
</testsuite>